<?xml version="1.0" encoding="utf-8"?><testsuites name="pytest tests"><testsuite name="pytest" errors="0" failures="0" skipped="2" tests="11" time="568.785" timestamp="2026-03-02T14:41:24.322714-08:00" hostname="jenkins-mobile-automation-node-3-8-2"><testcase classname="test_evite_egift_card_create_new.TestEviteEGiftCardCreateNew" name="test_evite_egift_card_create_new" time="0.000"><skipped type="pytest.skip" message="Egift disabled">/var/lib/jenkins/workspace/qa-evite-test-tests-acceptance/webdriver-framework/tests/evite_acceptance/test_evite_egift_card_create_new.py:25: Egift disabled</skipped></testcase><testcase classname="test_evite_upsell_gallery_page.TestEviteUpsellGalleryPage" name="test_evite_upsell_gallery_page" time="0.000"><skipped type="pytest.skip" message="skip because of EVT36079">/var/lib/jenkins/workspace/qa-evite-test-tests-acceptance/webdriver-framework/tests/evite_acceptance/test_evite_upsell_gallery_page.py:24: skip because of EVT36079</skipped></testcase><testcase classname="test_evite_sign_in.TestEviteSignIn" name="test_evite_sign_in" time="206.484" /><testcase classname="test_evite_cms_admin_redirect.TestEviteCMSAdminRedirect" name="test_evite_cms_admin_redirect" time="232.585" /><testcase classname="test_evite_copy_free_past_event.TestEviteCopyFreePastEvent" name="test_evite_copy_free_past_event" time="359.939" /><testcase classname="test_evite_greeting_card_create_from_past_event.TestEviteGreetingCardCreateFromPastEvent" name="test_evite_greeting_card_create_from_past_event" time="294.981" /><testcase classname="test_evite_greeting_card_create_new.TestEviteGreetingCardCreateNew" name="test_evite_greeting_card_create_new" time="323.121" /><testcase classname="test_evite_sus_one_day_create.TestEviteSUSOneDayCreate" name="test_evite_sus_one_day_create" time="339.566" /><testcase classname="test_evite_copy_premium_past_event.TestEviteCopyPremiumPastEvent" name="test_evite_copy_premium_past_event" time="373.632" /><testcase classname="test_evite_rsvp_free.TestEviteRSVPFree" name="test_evite_rsvp_free" time="432.543" /><testcase classname="test_evite_rsvp_premium.TestEviteRSVPPremium" name="test_evite_rsvp_premium" time="564.186" /></testsuite></testsuites>