<?xml version="1.0" encoding="utf-8"?><testsuites name="pytest tests"><testsuite name="pytest" errors="0" failures="1" skipped="0" tests="1" time="497.672" timestamp="2026-03-13T14:07:09.988076-07:00" hostname="jenkins-mobile-automation-node-3-8-2"><testcase classname="test_evite_rsvp_premium.TestEviteRSVPPremium" name="test_evite_rsvp_premium" time="480.081"><failure message="utils.exceptions.ElementNotFoundError: Timed out waiting for element: ('css selector', '[data-qa-id=&quot;stripe-form-full-name&quot;]') at URL: https://test9.evitelabs.com/invitation/038CIIAE4SKDAAIO2EPRD4QWJY7MKY/review?v=&amp;c=featured&amp;previous=featured&amp;page=1&amp;=undefined&amp;pos=6">self = &lt;commons.pages.evite.step6_review_send.Step6ReviewSend object at 0x7f3549f3deb0&gt;
locator = ('css selector', '[data-qa-id="stripe-form-full-name"]'), timeout = 30

    def wait_for(self, locator, timeout=None):
        """
        Waits for an element to be visible using the passed in locator.
    
        :param locator: Locator tuple for the element
        :param timeout: (Int) Number of seconds to wait for an element
        :return: WebElement if it is visible
        """
        timeout = timeout or settings.DEFAULT_TIMEOUT
    
        try:
&gt;           return WebDriverWait(self.selenium, timeout).until(ec.visibility_of_element_located(locator))
                   ^^^^^^^^^^^^^^^^^^^^^^^^^^^^^^^^^^^^^^^^^^^^^^^^^^^^^^^^^^^^^^^^^^^^^^^^^^^^^^^^^^^^^^

locator    = ('css selector', '[data-qa-id="stripe-form-full-name"]')
msg        = 'Timed out waiting for element: (\'css selector\', \'[data-qa-id="stripe-form-full-name"]\') at URL: https://test9.evitelabs.com/invitation/038CIIAE4SKDAAIO2EPRD4QWJY7MKY/review?v=&amp;c=featured&amp;previous=featured&amp;page=1&amp;=undefined&amp;pos=6'
self       = &lt;commons.pages.evite.step6_review_send.Step6ReviewSend object at 0x7f3549f3deb0&gt;
timeout    = 30

../../commons/web.py:219: 
_ _ _ _ _ _ _ _ _ _ _ _ _ _ _ _ _ _ _ _ _ _ _ _ _ _ _ _ _ _ _ _ _ _ _ _ _ _ _ _ 

self = &lt;selenium.webdriver.support.wait.WebDriverWait (session="536bdd3f47fc19939d5000e7a56a8dc5")&gt;
method = &lt;function visibility_of_element_located.&lt;locals&gt;._predicate at 0x7f3549f8eb60&gt;
message = ''

    def until(self, method: Callable[[D], Literal[False] | T], message: str = "") -&gt; T:
        """Wait until the method returns a value that is not False.
    
        Calls the method provided with the driver as an argument until the
        return value does not evaluate to ``False``.
    
        Args:
            method: A callable object that takes a WebDriver instance as an
                argument.
            message: Optional message for TimeoutException.
    
        Returns:
            The result of the last call to `method`.
    
        Raises:
            TimeoutException: If 'method' does not return a truthy value within
                the WebDriverWait object's timeout.
    
        Example:
            &gt;&gt;&gt; from selenium.webdriver.common.by import By
            &gt;&gt;&gt; from selenium.webdriver.support.ui import WebDriverWait
            &gt;&gt;&gt; from selenium.webdriver.support import expected_conditions as EC
            &gt;&gt;&gt;
            &gt;&gt;&gt; # Wait until an element is visible on the page
            &gt;&gt;&gt; wait = WebDriverWait(driver, 10)
            &gt;&gt;&gt; element = wait.until(EC.visibility_of_element_located((By.ID, "exampleId")))
            &gt;&gt;&gt; print(element.text)
        """
        screen = None
        stacktrace = None
    
        end_time = time.monotonic() + self._timeout
        while True:
            try:
                value = method(self._driver)
                if value:
                    return value
            except self._ignored_exceptions as exc:
                screen = getattr(exc, "screen", None)
                stacktrace = getattr(exc, "stacktrace", None)
            if time.monotonic() &gt; end_time:
                break
            time.sleep(self._poll)
&gt;       raise TimeoutException(message, screen, stacktrace)
E       selenium.common.exceptions.TimeoutException: Message: 
E       Stacktrace:
E       Symbols not available. Dumping unresolved backtrace:
E       	0x1186663
E       	0x11866a4
E       	0xfb1d20
E       	0xffc19a
E       	0xffc43b
E       	0x103de72
E       	0x101ea84
E       	0x103b661
E       	0x101e7d6
E       	0xfeffd9
E       	0xff0d94
E       	0x140e6d4
E       	0x14099a5
E       	0x1426550
E       	0x11a0358
E       	0x11a7e5d
E       	0x118f128
E       	0x118f2f2
E       	0x117892a
E       	0x760b5d49
E       	0x775bcebb
E       	0x775bce41

end_time   = 64192727.34097907
message    = ''
method     = &lt;function visibility_of_element_located.&lt;locals&gt;._predicate at 0x7f3549f8eb60&gt;
screen     = None
self       = &lt;selenium.webdriver.support.wait.WebDriverWait (session="536bdd3f47fc19939d5000e7a56a8dc5")&gt;
stacktrace = ['Symbols not available. Dumping unresolved backtrace:', '\t0x1186663', '\t0x11866a4', '\t0xfb1d20', '\t0xffc19a', '\t0xffc43b', ...]

../../../1036/venv/.venv/lib/python3.12/site-packages/selenium/webdriver/support/wait.py:121: TimeoutException

The above exception was the direct cause of the following exception:

self = &lt;tests.evite_acceptance.test_evite_rsvp_premium.TestEviteRSVPPremium object at 0x7f354ab5a330&gt;
config = &lt;commons.test_configuration.TestConfiguration object at 0x7f3549f3e0c0&gt;

    def test_evite_rsvp_premium(self, config):
        _test_name = inspect.stack()[0][3]
    
        page = config.pages["page"]
    
        evite_home_page = config.pages["evite_home_page"]
    
        rsvp_modal = config.pages["rsvp_modal"]
        event_details = config.pages["event_details"]
        who_is_coming = config.pages["who_is_coming"]
        my_events = config.pages["my_events"]
        login_modal = config.pages["login_modal"]
    
        step1_template = config.pages["step1_template"]
        step2_event_details = config.pages["step2_event_details"]
        step5_guests = config.pages["step5_guests"]
        step6_review_send = config.pages["step6_review_send"]
        invitation_page = config.pages["evite_view_invitation"]
    
        quake_v3_event = QuakeV3Event(_test_name)
        psql_db = PostgreSQL(_test_name)
    
        # Logger
        logger = LoggingConfig().initialize_logger(_test_name)
        logger.info(f"Start {_test_name}")
    
        page.get_url(environment=config.environment)
    
        # Sign-In or Register
        user_email_addr, user_pass, host = login_modal.sign_in_register(test_data=self._json_test_data)
    
        # Create Invitation
        evite_gallery_page = evite_home_page.select_nav("create_invitation")
        evite_gallery_page.select_filter_by(["premium"])
    
        # Pick up a random template from the template page
        evite_gallery_page.select_random_template(template_type="premium")
    
        self._json_test_data["invitation"]["event_details"]["event_title"] = Utils().get_event_title()
        self._json_test_data["invitation"]["event_details"]["start_date"] = Utils().get_rand_date(test_name=_test_name)
        self._json_test_data["invitation"]["event_details"]["start_time"] = Utils().get_start_time(premium=True)
        self._json_test_data["invitation"]["event_details"]["host"] = (
            f"{self._json_test_data['register']['first_name']} " f"{self._json_test_data['register']['last_name']}"
        )
    
        # Step 1: Card Editor
        step1_template.fill_text_editors(test_data=self._json_test_data)
        step1_template.select_next(url="details")
    
        # Step 2: Enter Details page
        step2_event_details.enter_details(test_data=self._json_test_data)
        step1_template.select_next(url="gifting")
        step1_template.select_next(url="preview")
    
        step1_template.select_next(url="guests")
        step5_guests.add_guests(test_data=self._json_test_data["guests"])
        step1_template.select_next(url="review")
    
&gt;       step6_review_send.enter_checkout_page(test_data=self._json_test_data, url="confirm")

_test_name = 'test_evite_rsvp_premium'
config     = &lt;commons.test_configuration.TestConfiguration object at 0x7f3549f3e0c0&gt;
event_details = &lt;commons.pages.evite.evite_view_invitation_event_details_module.EventDetailsModule object at 0x7f3549f3db80&gt;
evite_gallery_page = &lt;commons.pages.evite.evite_gallery_page.EviteGalleryPage object at 0x7f3549f3f410&gt;
evite_home_page = &lt;commons.pages.evite.evite_home_page.EviteHomePage object at 0x7f3549f3dc10&gt;
host       = 'automation test'
invitation_page = &lt;commons.pages.evite.evite_view_invitation.EviteViewInvitation object at 0x7f3549f3d310&gt;
logger     = &lt;Logger test_evite_rsvp_premium (INFO)&gt;
login_modal = &lt;commons.pages.evite.login_modal.LoginModal object at 0x7f3549f3e000&gt;
my_events  = &lt;commons.pages.evite.my_events.MyEvents object at 0x7f3549f3dfa0&gt;
page       = &lt;commons.page.Page object at 0x7f3549f3d640&gt;
psql_db    = &lt;lib.postgre_sql.PostgreSQL object at 0x7f3549f3eed0&gt;
quake_v3_event = &lt;commons.pages.quake_v3.quake_v3_event.QuakeV3Event object at 0x7f3549f3ce60&gt;
rsvp_modal = &lt;commons.pages.evite.evite_view_invitation_rsvp_modal.RSVPModal object at 0x7f3549f3da30&gt;
self       = &lt;tests.evite_acceptance.test_evite_rsvp_premium.TestEviteRSVPPremium object at 0x7f354ab5a330&gt;
step1_template = &lt;commons.pages.evite.step1_template.Step1Template object at 0x7f3549f3d070&gt;
step2_event_details = &lt;commons.pages.evite.step2_event_details.Step2EventDetails object at 0x7f3549f3dc40&gt;
step5_guests = &lt;commons.pages.evite.step5_guests.Step5Guests object at 0x7f3549f3dee0&gt;
step6_review_send = &lt;commons.pages.evite.step6_review_send.Step6ReviewSend object at 0x7f3549f3deb0&gt;
user_email_addr = 'evite-03132026-141215-32-test@evitetest.com'
user_pass  = 'test1234'
who_is_coming = &lt;commons.pages.evite.evite_view_invitation_whos_coming_module.WhosComingModule object at 0x7f3549f3d340&gt;

test_evite_rsvp_premium.py:81: 
_ _ _ _ _ _ _ _ _ _ _ _ _ _ _ _ _ _ _ _ _ _ _ _ _ _ _ _ _ _ _ _ _ _ _ _ _ _ _ _ 
../../commons/pages/evite/step6_review_send.py:179: in enter_checkout_page
    self.enter_credit_card_info(test_data)
        promo_code = None
        select_next = True
        self       = &lt;commons.pages.evite.step6_review_send.Step6ReviewSend object at 0x7f3549f3deb0&gt;
        test_data  = {'RSVP_NOTE': 'Guests', 'action': {'create_invitation': True, 'party_ideas': False, 'thank_you_card': False}, 'cohost'... 'cohost_email': 'test@evitetest.com', 'cohost_name': 'THIS WILL BE REPLACED RUNTIME'}, 'create_invitation': True, ...}
        url        = 'confirm'
../../commons/pages/evite/step6_review_send.py:250: in enter_credit_card_info
    self.find_text_box_clear_enter_text(self._card_name, test_data["invitation"]["event_details"]["host"])
        self       = &lt;commons.pages.evite.step6_review_send.Step6ReviewSend object at 0x7f3549f3deb0&gt;
        test_data  = {'RSVP_NOTE': 'Guests', 'action': {'create_invitation': True, 'party_ideas': False, 'thank_you_card': False}, 'cohost'... 'cohost_email': 'test@evitetest.com', 'cohost_name': 'THIS WILL BE REPLACED RUNTIME'}, 'create_invitation': True, ...}
../../commons/web.py:393: in find_text_box_clear_enter_text
    elem = self.find(locator)
           ^^^^^^^^^^^^^^^^^^
        locator    = ('css selector', '[data-qa-id="stripe-form-full-name"]')
        self       = &lt;commons.pages.evite.step6_review_send.Step6ReviewSend object at 0x7f3549f3deb0&gt;
        text       = 'automation test'
../../commons/web.py:86: in find
    return self.wait_for(locator)
           ^^^^^^^^^^^^^^^^^^^^^^
        locator    = ('css selector', '[data-qa-id="stripe-form-full-name"]')
        self       = &lt;commons.pages.evite.step6_review_send.Step6ReviewSend object at 0x7f3549f3deb0&gt;
_ _ _ _ _ _ _ _ _ _ _ _ _ _ _ _ _ _ _ _ _ _ _ _ _ _ _ _ _ _ _ _ _ _ _ _ _ _ _ _ 

self = &lt;commons.pages.evite.step6_review_send.Step6ReviewSend object at 0x7f3549f3deb0&gt;
locator = ('css selector', '[data-qa-id="stripe-form-full-name"]'), timeout = 30

    def wait_for(self, locator, timeout=None):
        """
        Waits for an element to be visible using the passed in locator.
    
        :param locator: Locator tuple for the element
        :param timeout: (Int) Number of seconds to wait for an element
        :return: WebElement if it is visible
        """
        timeout = timeout or settings.DEFAULT_TIMEOUT
    
        try:
            return WebDriverWait(self.selenium, timeout).until(ec.visibility_of_element_located(locator))
        except TimeoutException as e:
            msg = f"Timed out waiting for element: {locator} at URL: {self.selenium.current_url}"
            self.logger.info(msg)
&gt;           raise ElementNotFoundError(msg) from e
E           utils.exceptions.ElementNotFoundError: Timed out waiting for element: ('css selector', '[data-qa-id="stripe-form-full-name"]') at URL: https://test9.evitelabs.com/invitation/038CIIAE4SKDAAIO2EPRD4QWJY7MKY/review?v=&amp;c=featured&amp;previous=featured&amp;page=1&amp;=undefined&amp;pos=6

locator    = ('css selector', '[data-qa-id="stripe-form-full-name"]')
msg        = 'Timed out waiting for element: (\'css selector\', \'[data-qa-id="stripe-form-full-name"]\') at URL: https://test9.evitelabs.com/invitation/038CIIAE4SKDAAIO2EPRD4QWJY7MKY/review?v=&amp;c=featured&amp;previous=featured&amp;page=1&amp;=undefined&amp;pos=6'
self       = &lt;commons.pages.evite.step6_review_send.Step6ReviewSend object at 0x7f3549f3deb0&gt;
timeout    = 30

../../commons/web.py:223: ElementNotFoundError</failure></testcase></testsuite></testsuites>