<?xml version="1.0" encoding="utf-8"?><testsuites name="pytest tests"><testsuite name="pytest" errors="0" failures="1" skipped="5" tests="13" time="561.461" timestamp="2026-01-28T13:16:15.107200-08:00" hostname="jenkins-mobile-automation-node-3-8-2"><testcase classname="test_evite_egift_card_create_new.TestEviteEGiftCardCreateNew" name="test_evite_egift_card_create_new" time="0.000"><skipped type="pytest.skip" message="Egift disabled">/var/lib/jenkins/workspace/qa-evite-test-tests-acceptance/webdriver-framework/tests/evite_acceptance/test_evite_egift_card_create_new.py:23: Egift disabled</skipped></testcase><testcase classname="test_evite_rsvp_free_1cf.TestEviteRSVPFree1CF" name="test_evite_rsvp_free_1cf" time="0.000"><skipped type="pytest.skip" message="Experiment set to 0%">/var/lib/jenkins/workspace/qa-evite-test-tests-acceptance/webdriver-framework/tests/evite_acceptance/test_evite_rsvp_free_1cf.py:25: Experiment set to 0%</skipped></testcase><testcase classname="test_evite_rsvp_invitation_maker_v3.TestEviteRSVPInvitationMakerV3" name="test_evite_rsvp_invitation_maker_v3" time="0.000"><skipped type="pytest.skip" message="Experiment forced control">/var/lib/jenkins/workspace/qa-evite-test-tests-acceptance/webdriver-framework/tests/evite_acceptance/test_evite_rsvp_invitation_maker_v3.py:24: Experiment forced control</skipped></testcase><testcase classname="test_evite_upsell_gallery_page.TestEviteUpsellGalleryPage" name="test_evite_upsell_gallery_page" time="0.000"><skipped type="pytest.skip" message="skip because of EVT36079">/var/lib/jenkins/workspace/qa-evite-test-tests-acceptance/webdriver-framework/tests/evite_acceptance/test_evite_upsell_gallery_page.py:22: skip because of EVT36079</skipped></testcase><testcase classname="test_evite_greeting_card_create_from_past_event.TestEviteGreetingCardCreateFromPastEvent" name="test_evite_greeting_card_create_from_past_event" time="126.260"><skipped type="pytest.skip" message="DB have no record for sql: SELECT user_first_name,user_last_name FROM public.evite_users WHERE user_email_addr = 'evite-11232025-183431-43-test@evitetest.com' ORDER BY random();">/var/lib/jenkins/workspace/qa-evite-test-tests-acceptance/webdriver-framework/tests/evite_acceptance/test_evite_greeting_card_create_from_past_event.py:113: DB have no record for sql: SELECT user_first_name,user_last_name FROM public.evite_users WHERE user_email_addr = 'evite-11232025-183431-43-test@evitetest.com' ORDER BY random();</skipped></testcase><testcase classname="test_evite_sign_in.TestEviteSignIn" name="test_evite_sign_in" time="133.321" /><testcase classname="test_evite_cms_admin_redirect.TestEviteCMSAdminRedirect" name="test_evite_cms_admin_redirect" time="153.591" /><testcase classname="test_evite_copy_premium_past_event.TestEviteCopyPremiumPastEvent" name="test_evite_copy_premium_past_event" time="249.551" /><testcase classname="test_evite_copy_free_past_event.TestEviteCopyFreePastEvent" name="test_evite_copy_free_past_event" time="259.135" /><testcase classname="test_evite_greeting_card_create_new.TestEviteGreetingCardCreateNew" name="test_evite_greeting_card_create_new" time="292.223" /><testcase classname="test_evite_sus_one_day_create.TestEviteSUSOneDayCreate" name="test_evite_sus_one_day_create" time="431.928"><failure message="selenium.common.exceptions.ElementNotInteractableException: Message: element not interactable&#10;  (Session info: chrome=133.0.6943.126); For documentation on this error, please visit: https://www.selenium.dev/documentation/webdriver/troubleshooting/errors#elementnotinteractableexception&#10;Stacktrace:&#10;&#09;GetHandleVerifier [0x008D0283+25139]&#10;&#09;(No symbol) [0x0085B234]&#10;&#09;(No symbol) [0x00730300]&#10;&#09;(No symbol) [0x00779454]&#10;&#09;(No symbol) [0x0076DE55]&#10;&#09;(No symbol) [0x0079CF3C]&#10;&#09;(No symbol) [0x0076D8E4]&#10;&#09;(No symbol) [0x0079D1B4]&#10;&#09;(No symbol) [0x007BE6E1]&#10;&#09;(No symbol) [0x0079CD36]&#10;&#09;(No symbol) [0x0076BD29]&#10;&#09;(No symbol) [0x0076D064]&#10;&#09;GetHandleVerifier [0x00BDB143+3215603]&#10;&#09;GetHandleVerifier [0x00BF22BA+3310186]&#10;&#09;GetHandleVerifier [0x00BEC4D2+3286146]&#10;&#09;GetHandleVerifier [0x00969C80+654384]&#10;&#09;(No symbol) [0x008645BD]&#10;&#09;(No symbol) [0x008614A8]&#10;&#09;(No symbol) [0x00861647]&#10;&#09;(No symbol) [0x00853D20]&#10;&#09;BaseThreadInitThunk [0x76915D49+25]&#10;&#09;RtlInitializeExceptionChain [0x77A6CEBB+107]&#10;&#09;RtlGetAppContainerNamedObjectPath [0x77A6CE41+561]">self = &lt;tests.evite_acceptance.test_evite_sus_one_day_create.TestEviteSUSOneDayCreate object at 0x7f1bd862e330&gt;
config = &lt;commons.test_configuration.TestConfiguration object at 0x7f1bd7f0d880&gt;

    def test_evite_sus_one_day_create(self, config):
        _test_name = inspect.stack()[0][3]
    
        page = config.pages["page"]
    
        evite_home_page = config.pages["evite_home_page"]
        login_modal = config.pages["login_modal"]
        my_events = config.pages["my_events"]
        sign_up_sheet_maker = config.pages["sign_up_sheet_maker"]
    
        logger = LoggingConfig().initialize_logger(inspect.stack()[0][3])
        logger.info(f"Start {_test_name}")
    
        page.get_url(environment=config.environment)
    
        # Sign-In or Register
        user_email_addr, user_pass, host = login_modal.sign_in_register(test_data=self._json_test_data)
    
        self._json_test_data["invitation"]["event_details"]["event_title"] = Utils().get_event_title()
        self._json_test_data["invitation"]["event_details"]["start_date"] = Utils().get_rand_date(inspect.stack()[0][3])
        self._json_test_data["invitation"]["event_details"]["start_time"] = Utils().get_start_time()
        if host:
            self._json_test_data["invitation"]["event_details"]["host"] = host
        else:
            self._json_test_data["invitation"]["event_details"]["host"] = (
                f"{self._json_test_data['register']['first_name']} "
                f"{self._json_test_data['register']['last_name']}")
    
        sign_up_sheet_maker.select_sus_event(sus_event="one_day")
    
&gt;       sign_up_sheet_maker.enter_details(test_data=self._json_test_data)

_test_name = 'test_evite_sus_one_day_create'
config     = &lt;commons.test_configuration.TestConfiguration object at 0x7f1bd7f0d880&gt;
evite_home_page = &lt;commons.pages.evite.evite_home_page.EviteHomePage object at 0x7f1bd7f0cec0&gt;
host       = 'automation test'
logger     = &lt;Logger test_evite_sus_one_day_create (INFO)&gt;
login_modal = &lt;commons.pages.evite.login_modal.LoginModal object at 0x7f1bd7f0d850&gt;
my_events  = &lt;commons.pages.evite.my_events.MyEvents object at 0x7f1bd7f0d400&gt;
page       = &lt;commons.page.Page object at 0x7f1bd7f0c0b0&gt;
self       = &lt;tests.evite_acceptance.test_evite_sus_one_day_create.TestEviteSUSOneDayCreate object at 0x7f1bd862e330&gt;
sign_up_sheet_maker = &lt;commons.pages.evite.sign_up_sheet_maker.SignUpSheetMaker object at 0x7f1bd7f0d6a0&gt;
user_email_addr = 'evite-01282026-132310-51-test@evitetest.com'
user_pass  = 'test1234'

test_evite_sus_one_day_create.py:52: 
_ _ _ _ _ _ _ _ _ _ _ _ _ _ _ _ _ _ _ _ _ _ _ _ _ _ _ _ _ _ _ _ _ _ _ _ _ _ _ _ 
../../commons/pages/evite/sign_up_sheet_maker.py:156: in enter_details
    self.add_date_time(test_data=test_data)
        _step2_event_details = &lt;commons.pages.evite.step2_event_details.Step2EventDetails object at 0x7f1bd7f0ca70&gt;
        edit       = False
        self       = &lt;commons.pages.evite.sign_up_sheet_maker.SignUpSheetMaker object at 0x7f1bd7f0d6a0&gt;
        test_data  = {'RSVP_NOTE': 'Guests', 'invitation': {'date_format_style': 'Formal (ceremonial)', 'event_details': {'add_end_time': F..., 'whats_needed': 'chips'}, {'description': 'food description', 'volunteers_needed': 10, 'whats_needed': 'food'}], ...}
../../commons/pages/evite/sign_up_sheet_maker.py:183: in add_date_time
    self.add_date(test_data=test_data)
        self       = &lt;commons.pages.evite.sign_up_sheet_maker.SignUpSheetMaker object at 0x7f1bd7f0d6a0&gt;
        test_data  = {'RSVP_NOTE': 'Guests', 'invitation': {'date_format_style': 'Formal (ceremonial)', 'event_details': {'add_end_time': F..., 'whats_needed': 'chips'}, {'description': 'food description', 'volunteers_needed': 10, 'whats_needed': 'food'}], ...}
../../commons/pages/evite/sign_up_sheet_maker.py:227: in add_date
    self.selenium.find_element(*self._calendar_next_month_button).click()
        current_view_month = 'January'
        current_view_year = '2026'
        date_to_select = 'February 15, 2026'
        date_to_select_object = datetime.datetime(2026, 2, 15, 0, 0)
        max_months_to_search = 6
        months_checked = 0
        self       = &lt;commons.pages.evite.sign_up_sheet_maker.SignUpSheetMaker object at 0x7f1bd7f0d6a0&gt;
        test_data  = {'RSVP_NOTE': 'Guests', 'invitation': {'date_format_style': 'Formal (ceremonial)', 'event_details': {'add_end_time': F..., 'whats_needed': 'chips'}, {'description': 'food description', 'volunteers_needed': 10, 'whats_needed': 'food'}], ...}
        visible_calendar_header = datetime.datetime(2026, 1, 1, 0, 0)
../../../936/venv/.venv/lib/python3.12/site-packages/selenium/webdriver/remote/webelement.py:120: in click
    self._execute(Command.CLICK_ELEMENT)
        self       = &lt;selenium.webdriver.remote.webelement.WebElement (session="41d717e26735bf8adbb2bfecf1969dc8", element="f.3FB329D8DAF14A5DF5ED0034E399CD1F.d.21813CACAD4C5442B4B3E495C5CF2985.e.316")&gt;
../../../936/venv/.venv/lib/python3.12/site-packages/selenium/webdriver/remote/webelement.py:573: in _execute
    return self._parent.execute(command, params)
           ^^^^^^^^^^^^^^^^^^^^^^^^^^^^^^^^^^^^^
        command    = 'clickElement'
        params     = {'id': 'f.3FB329D8DAF14A5DF5ED0034E399CD1F.d.21813CACAD4C5442B4B3E495C5CF2985.e.316'}
        self       = &lt;selenium.webdriver.remote.webelement.WebElement (session="41d717e26735bf8adbb2bfecf1969dc8", element="f.3FB329D8DAF14A5DF5ED0034E399CD1F.d.21813CACAD4C5442B4B3E495C5CF2985.e.316")&gt;
../../../936/venv/.venv/lib/python3.12/site-packages/selenium/webdriver/remote/webdriver.py:458: in execute
    self.error_handler.check_response(response)
        driver_command = 'clickElement'
        params     = {}
        response   = {'status': 400, 'value': '{"value":{"error":"element not interactable","message":"element not interactable\\n  (Sessio...9+25]\\n\\tRtlInitializeExceptionChain [0x77A6CEBB+107]\\n\\tRtlGetAppContainerNamedObjectPath [0x77A6CE41+561]\\n"}}'}
        self       = &lt;selenium.webdriver.remote.webdriver.WebDriver (session="41d717e26735bf8adbb2bfecf1969dc8")&gt;
_ _ _ _ _ _ _ _ _ _ _ _ _ _ _ _ _ _ _ _ _ _ _ _ _ _ _ _ _ _ _ _ _ _ _ _ _ _ _ _ 

self = &lt;selenium.webdriver.remote.errorhandler.ErrorHandler object at 0x7f1bd875bf20&gt;
response = {'status': 400, 'value': '{"value":{"error":"element not interactable","message":"element not interactable\\n  (Sessio...9+25]\\n\\tRtlInitializeExceptionChain [0x77A6CEBB+107]\\n\\tRtlGetAppContainerNamedObjectPath [0x77A6CE41+561]\\n"}}'}

    def check_response(self, response: dict[str, Any]) -&gt; None:
        """Checks that a JSON response from the WebDriver does not have an
        error.
    
        :Args:
         - response - The JSON response from the WebDriver server as a dictionary
           object.
    
        :Raises: If the response contains an error message.
        """
        status = response.get("status", None)
        if not status or status == ErrorCode.SUCCESS:
            return
        value = None
        message = response.get("message", "")
        screen: str = response.get("screen", "")
        stacktrace = None
        if isinstance(status, int):
            value_json = response.get("value", None)
            if value_json and isinstance(value_json, str):
                try:
                    value = json.loads(value_json)
                    if isinstance(value, dict):
                        if len(value) == 1:
                            value = value["value"]
                        status = value.get("error", None)
                        if not status:
                            status = value.get("status", ErrorCode.UNKNOWN_ERROR)
                            message = value.get("value") or value.get("message")
                            if not isinstance(message, str):
                                value = message
                                message = message.get("message")
                        else:
                            message = value.get("message", None)
                except ValueError:
                    pass
    
        exception_class: type[WebDriverException]
        e = ErrorCode()
        error_codes = [item for item in dir(e) if not item.startswith("__")]
        for error_code in error_codes:
            error_info = getattr(ErrorCode, error_code)
            if isinstance(error_info, list) and status in error_info:
                exception_class = getattr(ExceptionMapping, error_code, WebDriverException)
                break
        else:
            exception_class = WebDriverException
    
        if not value:
            value = response["value"]
        if isinstance(value, str):
            raise exception_class(value)
        if message == "" and "message" in value:
            message = value["message"]
    
        screen = None  # type: ignore[assignment]
        if "screen" in value:
            screen = value["screen"]
    
        stacktrace = None
        st_value = value.get("stackTrace") or value.get("stacktrace")
        if st_value:
            if isinstance(st_value, str):
                stacktrace = st_value.split("\n")
            else:
                stacktrace = []
                try:
                    for frame in st_value:
                        line = frame.get("lineNumber", "")
                        file = frame.get("fileName", "&lt;anonymous&gt;")
                        if line:
                            file = f"{file}:{line}"
                        meth = frame.get("methodName", "&lt;anonymous&gt;")
                        if "className" in frame:
                            meth = f"{frame['className']}.{meth}"
                        msg = "    at %s (%s)"
                        msg = msg % (meth, file)
                        stacktrace.append(msg)
                except TypeError:
                    pass
        if exception_class == UnexpectedAlertPresentException:
            alert_text = None
            if "data" in value:
                alert_text = value["data"].get("text")
            elif "alert" in value:
                alert_text = value["alert"].get("text")
            raise exception_class(message, screen, stacktrace, alert_text)  # type: ignore[call-arg]  # mypy is not smart enough here
&gt;       raise exception_class(message, screen, stacktrace)
E       selenium.common.exceptions.ElementNotInteractableException: Message: element not interactable
E         (Session info: chrome=133.0.6943.126); For documentation on this error, please visit: https://www.selenium.dev/documentation/webdriver/troubleshooting/errors#elementnotinteractableexception
E       Stacktrace:
E       	GetHandleVerifier [0x008D0283+25139]
E       	(No symbol) [0x0085B234]
E       	(No symbol) [0x00730300]
E       	(No symbol) [0x00779454]
E       	(No symbol) [0x0076DE55]
E       	(No symbol) [0x0079CF3C]
E       	(No symbol) [0x0076D8E4]
E       	(No symbol) [0x0079D1B4]
E       	(No symbol) [0x007BE6E1]
E       	(No symbol) [0x0079CD36]
E       	(No symbol) [0x0076BD29]
E       	(No symbol) [0x0076D064]
E       	GetHandleVerifier [0x00BDB143+3215603]
E       	GetHandleVerifier [0x00BF22BA+3310186]
E       	GetHandleVerifier [0x00BEC4D2+3286146]
E       	GetHandleVerifier [0x00969C80+654384]
E       	(No symbol) [0x008645BD]
E       	(No symbol) [0x008614A8]
E       	(No symbol) [0x00861647]
E       	(No symbol) [0x00853D20]
E       	BaseThreadInitThunk [0x76915D49+25]
E       	RtlInitializeExceptionChain [0x77A6CEBB+107]
E       	RtlGetAppContainerNamedObjectPath [0x77A6CE41+561]

e          = &lt;selenium.webdriver.remote.errorhandler.ErrorCode object at 0x7f1bd865a1e0&gt;
error_code = 'ELEMENT_NOT_INTERACTABLE'
error_codes = ['DETACHED_SHADOW_ROOT', 'ELEMENT_CLICK_INTERCEPTED', 'ELEMENT_IS_NOT_SELECTABLE', 'ELEMENT_NOT_INTERACTABLE', 'ELEMENT_NOT_VISIBLE', 'IME_ENGINE_ACTIVATION_FAILED', ...]
error_info = [60, 'element not interactable']
exception_class = &lt;class 'selenium.common.exceptions.ElementNotInteractableException'&gt;
message    = 'element not interactable\n  (Session info: chrome=133.0.6943.126)'
response   = {'status': 400, 'value': '{"value":{"error":"element not interactable","message":"element not interactable\\n  (Sessio...9+25]\\n\\tRtlInitializeExceptionChain [0x77A6CEBB+107]\\n\\tRtlGetAppContainerNamedObjectPath [0x77A6CE41+561]\\n"}}'}
screen     = None
self       = &lt;selenium.webdriver.remote.errorhandler.ErrorHandler object at 0x7f1bd875bf20&gt;
st_value   = '\tGetHandleVerifier [0x008D0283+25139]\n\t(No symbol) [0x0085B234]\n\t(No symbol) [0x00730300]\n\t(No symbol) [0x0077...0x76915D49+25]\n\tRtlInitializeExceptionChain [0x77A6CEBB+107]\n\tRtlGetAppContainerNamedObjectPath [0x77A6CE41+561]\n'
stacktrace = ['\tGetHandleVerifier [0x008D0283+25139]', '\t(No symbol) [0x0085B234]', '\t(No symbol) [0x00730300]', '\t(No symbol) [0x00779454]', '\t(No symbol) [0x0076DE55]', '\t(No symbol) [0x0079CF3C]', ...]
status     = 'element not interactable'
value      = {'error': 'element not interactable', 'message': 'element not interactable\n  (Session info: chrome=133.0.6943.126)', ...x76915D49+25]\n\tRtlInitializeExceptionChain [0x77A6CEBB+107]\n\tRtlGetAppContainerNamedObjectPath [0x77A6CE41+561]\n'}
value_json = '{"value":{"error":"element not interactable","message":"element not interactable\\n  (Session info: chrome=133.0.6943...49+25]\\n\\tRtlInitializeExceptionChain [0x77A6CEBB+107]\\n\\tRtlGetAppContainerNamedObjectPath [0x77A6CE41+561]\\n"}}'

../../../936/venv/.venv/lib/python3.12/site-packages/selenium/webdriver/remote/errorhandler.py:232: ElementNotInteractableException</failure></testcase><testcase classname="test_evite_rsvp_free.TestEviteRSVPFree" name="test_evite_rsvp_free" time="476.489" /><testcase classname="test_evite_rsvp_premium.TestEviteRSVPPremium" name="test_evite_rsvp_premium" time="556.568" /></testsuite></testsuites>