<?xml version="1.0" encoding="utf-8"?><testsuites name="pytest tests"><testsuite name="pytest" errors="0" failures="2" skipped="3" tests="11" time="555.405" timestamp="2026-02-24T10:43:36.584878-08:00" hostname="jenkins-mobile-automation-node-3-8-2"><testcase classname="test_evite_upsell_gallery_page.TestEviteUpsellGalleryPage" name="test_evite_upsell_gallery_page" time="0.000"><skipped type="pytest.skip" message="skip because of EVT36079">/var/lib/jenkins/workspace/qa-evite-test-tests-acceptance/webdriver-framework/tests/evite_acceptance/test_evite_upsell_gallery_page.py:24: skip because of EVT36079</skipped></testcase><testcase classname="test_evite_egift_card_create_new.TestEviteEGiftCardCreateNew" name="test_evite_egift_card_create_new" time="0.000"><skipped type="pytest.skip" message="Egift disabled">/var/lib/jenkins/workspace/qa-evite-test-tests-acceptance/webdriver-framework/tests/evite_acceptance/test_evite_egift_card_create_new.py:25: Egift disabled</skipped></testcase><testcase classname="test_evite_greeting_card_create_from_past_event.TestEviteGreetingCardCreateFromPastEvent" name="test_evite_greeting_card_create_from_past_event" time="245.531"><skipped type="pytest.skip" message="DB have no record for sql: SELECT user_first_name,user_last_name FROM public.evite_users WHERE user_email_addr = 'evite-11122025-101802-84-test@evitetest.com' ORDER BY random();">/var/lib/jenkins/workspace/qa-evite-test-tests-acceptance/webdriver-framework/tests/evite_acceptance/test_evite_greeting_card_create_from_past_event.py:116: DB have no record for sql: SELECT user_first_name,user_last_name FROM public.evite_users WHERE user_email_addr = 'evite-11122025-101802-84-test@evitetest.com' ORDER BY random();</skipped></testcase><testcase classname="test_evite_cms_admin_redirect.TestEviteCMSAdminRedirect" name="test_evite_cms_admin_redirect" time="249.780" /><testcase classname="test_evite_sign_in.TestEviteSignIn" name="test_evite_sign_in" time="251.326" /><testcase classname="test_evite_copy_free_past_event.TestEviteCopyFreePastEvent" name="test_evite_copy_free_past_event" time="341.836" /><testcase classname="test_evite_copy_premium_past_event.TestEviteCopyPremiumPastEvent" name="test_evite_copy_premium_past_event" time="342.506" /><testcase classname="test_evite_greeting_card_create_new.TestEviteGreetingCardCreateNew" name="test_evite_greeting_card_create_new" time="361.238" /><testcase classname="test_evite_rsvp_free.TestEviteRSVPFree" name="test_evite_rsvp_free" time="525.836"><failure message="selenium.common.exceptions.ElementClickInterceptedException: Message: element click intercepted: Element &lt;button data-qa-id=&quot;login&quot; data-impression-tracking=&quot;&quot; data-qa-tigran=&quot;&quot; data-testid=&quot;&quot; data-clipboard-text=&quot;&quot; class=&quot;button assets-js-common-components-MegaNav-MegaNavVariant-components-GlobalNav-components-Login-Login-module__loginButton__w1mLl unstyled-button small&quot; type=&quot;button&quot; title=&quot;&quot; aria-label=&quot;&quot; tabindex=&quot;0&quot;&gt;...&lt;/button&gt; is not clickable at point (856, 22). Other element would receive the click: &lt;button id=&quot;tab-button_invitation&quot; type=&quot;button&quot; data-qa-id=&quot;invitation-tab&quot; class=&quot;unstyled-button tab-button on-dark-bg active&quot;&gt;...&lt;/button&gt;&#10;  (Session info: chrome=145.0.7632.77); For documentation on this error, please visit: https://www.selenium.dev/documentation/webdriver/troubleshooting/errors#elementclickinterceptedexception&#10;Stacktrace:&#10;Symbols not available. Dumping unresolved backtrace:&#10;&#09;0x1166663&#10;&#09;0x11666a4&#10;&#09;0xf91d20&#10;&#09;0xfe28b8&#10;&#09;0xfe0ac9&#10;&#09;0xfde482&#10;&#09;0xfdd684&#10;&#09;0xfd1e18&#10;&#09;0xffea3c&#10;&#09;0xfd1854&#10;&#09;0xffec04&#10;&#09;0x101b661&#10;&#09;0xffe7d6&#10;&#09;0xfcffd9&#10;&#09;0xfd0d94&#10;&#09;0x13ee6d4&#10;&#09;0x13e99a5&#10;&#09;0x1406550&#10;&#09;0x1180358&#10;&#09;0x1187e5d&#10;&#09;0x116f128&#10;&#09;0x116f2f2&#10;&#09;0x115892a&#10;&#09;0x76c15d49&#10;&#09;0x77a5cebb&#10;&#09;0x77a5ce41">self = &lt;tests.evite_acceptance.test_evite_rsvp_free.TestEviteRSVPFree object at 0x7f0b0ae84bc0&gt;
config = &lt;commons.test_configuration.TestConfiguration object at 0x7f0b0abb4170&gt;

    def test_evite_rsvp_free(self, config):
        """
        New Creation Flow with Fabric Templates
    
        Create Event, RSVP guests, Yes, No. Email and/or Phone.
    
        Verify guest in Guest List
        Verify RSVP in Manage Invitation Dashboard
    
        :param config:
        :return:
        """
    
        _test_name = inspect.stack()[0][3]
    
        quake_v3_event = QuakeV3Event(inspect.stack()[0][3])
        psql_db = PostgreSQL(inspect.stack()[0][3])
    
        page = config.pages["page"]
    
        evite_home_page = config.pages["evite_home_page"]
    
        rsvp_modal = config.pages["rsvp_modal"]
        event_details = config.pages["event_details"]
        who_is_coming = config.pages["who_is_coming"]
        login_modal = config.pages["login_modal"]
        my_events = config.pages["my_events"]
    
        step1_template = config.pages["step1_template"]
        step2_event_details = config.pages["step2_event_details"]
        step5_guests = config.pages["step5_guests"]
    
        logger = LoggingConfig().initialize_logger(inspect.stack()[0][3])
        logger.info(f"Start {_test_name}")
    
        page.get_url(environment=config.environment)
    
        # Sign-In or Register
        user_email_addr, user_pass, host = login_modal.sign_in_register(test_data=self._json_test_data)
    
        # Create Invitation
        evite_gallery_page = evite_home_page.select_nav(action="create_invitation")
        evite_gallery_page.select_filter_by(actions=["free"])
        evite_event_page = evite_gallery_page.select_random_template()
    
        self._json_test_data["invitation"]["event_details"]["event_title"] = Utils().get_event_title()
        self._json_test_data["invitation"]["event_details"]["start_date"] = Utils().get_rand_date(inspect.stack()[0][3])
        self._json_test_data["invitation"]["event_details"]["start_time"] = Utils().get_start_time()
    
        if host:
            self._json_test_data["invitation"]["event_details"]["host"] = host
        else:
            self._json_test_data["invitation"]["event_details"]["host"] = (
                f"{self._json_test_data['register']['first_name']} " f"{self._json_test_data['register']['last_name']}"
            )
    
        # Step 1: Card Editor
        step1_template.fill_text_editors(test_data=self._json_test_data)
        step1_template.select_next(url="details")
    
        # Step 2: Enter Details page
        step2_event_details.enter_details(test_data=self._json_test_data)
        step1_template.select_next(url="gifting")
        step1_template.select_next(url="preview")
        step1_template.select_next(url="send")
        evite_event_page.skip_ads()
    
        config.pages["evite_event_confirmation"].select_confirmation_button(action="add_guests")
        step5_guests.add_guests(test_data=self._json_test_data["guests"])
        step1_template.select_next(url="confirm")
    
        event_id = Utils.get_event_id_from_url(config.driver.current_url)
    
        # Get Event Details
        get_event_data = quake_v3_event.get_event_information(
            user_email_addr=user_email_addr, user_pass=user_pass, event_id=event_id
        )
    
        login_modal.sign_out()
    
        guest_list = step5_guests.initialize_guest_list(
            test_data=self._json_test_data["guests"], get_event_data=get_event_data["guests"]
        )
    
        # RSVP for each guest
        for guest in guest_list:
    
            if (
                guest["guest_type"] == "host"
                or guest["test_data"]["rsvp"] == "undecided"
                or not guest["test_data"]["rsvp"]
            ):
                continue
    
            logger.info("Going guest view URL")
            page.get_url(
                environment=config.environment,
                sub_page_url=f"/event/{get_event_data['event']['id']}?gid={guest['guest_id']}",
                add_cookie=False,
            )
    
            # Check if guest have to be registered
            if guest["test_data"]["registered"]:
                # Change register data
                self._json_test_data["register"]["first_name"] = guest["test_data"]["name"]
                self._json_test_data["register"]["email"] = guest["test_data"]["email_addr"]
                # Register
&gt;               login_modal.register(test_data=self._json_test_data["register"], existing_user=True)

_test_name = 'test_evite_rsvp_free'
config     = &lt;commons.test_configuration.TestConfiguration object at 0x7f0b0abb4170&gt;
event_details = &lt;commons.pages.evite.evite_view_invitation_event_details_module.EventDetailsModule object at 0x7f0b0abb72c0&gt;
event_id   = '03E3IIAE4SKDAACXSEPRCGY4NTOKEI'
evite_event_page = &lt;commons.pages.evite.evite_event_page.EviteEventPage object at 0x7f0b0abb54c0&gt;
evite_gallery_page = &lt;commons.pages.evite.evite_gallery_page.EviteGalleryPage object at 0x7f0b0abb5fd0&gt;
evite_home_page = &lt;commons.pages.evite.evite_home_page.EviteHomePage object at 0x7f0b0abb76b0&gt;
get_event_data = {'current_user_rsvp': {'address': None, 'avatar_url': None, 'checked_in': True, 'comments': None, ...}, 'event': {'ama...ium_assets/fabric_gallery_asset/1763160752/composed_thumbnail_4609208363810816_default_496x372.webp', ...}}, ...}, ...}
guest      = {'avatar_url': None, 'checked_in': False, 'comments': None, 'date_created': '2026-02-24T18:52:10', ...}
guest_list = [{'avatar_url': None, 'checked_in': True, 'comments': None, 'date_created': '2026-02-24T18:51:07', ...}, {'avatar_url'...:52:10', ...}, {'avatar_url': None, 'checked_in': False, 'comments': None, 'date_created': '2026-02-24T18:52:10', ...}]
host       = 'automation test'
logger     = &lt;Logger test_evite_rsvp_free (INFO)&gt;
login_modal = &lt;commons.pages.evite.login_modal.LoginModal object at 0x7f0b0abb4140&gt;
my_events  = &lt;commons.pages.evite.my_events.MyEvents object at 0x7f0b0abb40b0&gt;
page       = &lt;commons.page.Page object at 0x7f0b0abb4530&gt;
psql_db    = &lt;lib.postgre_sql.PostgreSQL object at 0x7f0b0cfefd40&gt;
quake_v3_event = &lt;commons.pages.quake_v3.quake_v3_event.QuakeV3Event object at 0x7f0b0ade6630&gt;
rsvp_modal = &lt;commons.pages.evite.evite_view_invitation_rsvp_modal.RSVPModal object at 0x7f0b0abb6f30&gt;
self       = &lt;tests.evite_acceptance.test_evite_rsvp_free.TestEviteRSVPFree object at 0x7f0b0ae84bc0&gt;
step1_template = &lt;commons.pages.evite.step1_template.Step1Template object at 0x7f0b0abb49e0&gt;
step2_event_details = &lt;commons.pages.evite.step2_event_details.Step2EventDetails object at 0x7f0b0abb4b90&gt;
step5_guests = &lt;commons.pages.evite.step5_guests.Step5Guests object at 0x7f0b0abb4050&gt;
user_email_addr = 'evite-02242026-105032-95-test@evitetest.com'
user_pass  = 'test1234'
who_is_coming = &lt;commons.pages.evite.evite_view_invitation_whos_coming_module.WhosComingModule object at 0x7f0b0abb4a70&gt;

test_evite_rsvp_free.py:136: 
_ _ _ _ _ _ _ _ _ _ _ _ _ _ _ _ _ _ _ _ _ _ _ _ _ _ _ _ _ _ _ _ _ _ _ _ _ _ _ _ 
../../commons/pages/evite/login_modal.py:111: in register
    self.select_sign_in()
        create_flow = False
        existing_user = True
        self       = &lt;commons.pages.evite.login_modal.LoginModal object at 0x7f0b0abb4140&gt;
        test_data  = {'country': 'United States', 'email': 'evite-guest-51562647-R-test@evitetest.com', 'facebook': {'email_or_phone': '-test@evitetest.com', 'keep_me_logged_in': False, 'password': 'test1234'}, 'first_name': 'evite-guest-51562647-R-test', ...}
../../commons/pages/evite/login_modal.py:72: in select_sign_in
    sign_in_element.click()
        self       = &lt;commons.pages.evite.login_modal.LoginModal object at 0x7f0b0abb4140&gt;
        sign_in_element = &lt;selenium.webdriver.remote.webelement.WebElement (session="9e3752eb592e150bc6331d6c718c3a76", element="f.7CB18A352400911949351673FF33935E.d.6870782E224C7868E86E6FC043B6729B.e.4205")&gt;
../../../992/venv/.venv/lib/python3.12/site-packages/selenium/webdriver/remote/webelement.py:120: in click
    self._execute(Command.CLICK_ELEMENT)
        self       = &lt;selenium.webdriver.remote.webelement.WebElement (session="9e3752eb592e150bc6331d6c718c3a76", element="f.7CB18A352400911949351673FF33935E.d.6870782E224C7868E86E6FC043B6729B.e.4205")&gt;
../../../992/venv/.venv/lib/python3.12/site-packages/selenium/webdriver/remote/webelement.py:573: in _execute
    return self._parent.execute(command, params)
           ^^^^^^^^^^^^^^^^^^^^^^^^^^^^^^^^^^^^^
        command    = 'clickElement'
        params     = {'id': 'f.7CB18A352400911949351673FF33935E.d.6870782E224C7868E86E6FC043B6729B.e.4205'}
        self       = &lt;selenium.webdriver.remote.webelement.WebElement (session="9e3752eb592e150bc6331d6c718c3a76", element="f.7CB18A352400911949351673FF33935E.d.6870782E224C7868E86E6FC043B6729B.e.4205")&gt;
../../../992/venv/.venv/lib/python3.12/site-packages/selenium/webdriver/remote/webdriver.py:458: in execute
    self.error_handler.check_response(response)
        driver_command = 'clickElement'
        params     = {}
        response   = {'status': 400, 'value': '{"value":{"error":"element click intercepted","message":"element click intercepted: Element ...358\\n\\t0x1187e5d\\n\\t0x116f128\\n\\t0x116f2f2\\n\\t0x115892a\\n\\t0x76c15d49\\n\\t0x77a5cebb\\n\\t0x77a5ce41\\n"}}'}
        self       = &lt;selenium.webdriver.remote.webdriver.WebDriver (session="9e3752eb592e150bc6331d6c718c3a76")&gt;
_ _ _ _ _ _ _ _ _ _ _ _ _ _ _ _ _ _ _ _ _ _ _ _ _ _ _ _ _ _ _ _ _ _ _ _ _ _ _ _ 

self = &lt;selenium.webdriver.remote.errorhandler.ErrorHandler object at 0x7f0b0abb5b80&gt;
response = {'status': 400, 'value': '{"value":{"error":"element click intercepted","message":"element click intercepted: Element ...358\\n\\t0x1187e5d\\n\\t0x116f128\\n\\t0x116f2f2\\n\\t0x115892a\\n\\t0x76c15d49\\n\\t0x77a5cebb\\n\\t0x77a5ce41\\n"}}'}

    def check_response(self, response: dict[str, Any]) -&gt; None:
        """Checks that a JSON response from the WebDriver does not have an
        error.
    
        :Args:
         - response - The JSON response from the WebDriver server as a dictionary
           object.
    
        :Raises: If the response contains an error message.
        """
        status = response.get("status", None)
        if not status or status == ErrorCode.SUCCESS:
            return
        value = None
        message = response.get("message", "")
        screen: str = response.get("screen", "")
        stacktrace = None
        if isinstance(status, int):
            value_json = response.get("value", None)
            if value_json and isinstance(value_json, str):
                try:
                    value = json.loads(value_json)
                    if isinstance(value, dict):
                        if len(value) == 1:
                            value = value["value"]
                        status = value.get("error", None)
                        if not status:
                            status = value.get("status", ErrorCode.UNKNOWN_ERROR)
                            message = value.get("value") or value.get("message")
                            if not isinstance(message, str):
                                value = message
                                message = message.get("message")
                        else:
                            message = value.get("message", None)
                except ValueError:
                    pass
    
        exception_class: type[WebDriverException]
        e = ErrorCode()
        error_codes = [item for item in dir(e) if not item.startswith("__")]
        for error_code in error_codes:
            error_info = getattr(ErrorCode, error_code)
            if isinstance(error_info, list) and status in error_info:
                exception_class = getattr(ExceptionMapping, error_code, WebDriverException)
                break
        else:
            exception_class = WebDriverException
    
        if not value:
            value = response["value"]
        if isinstance(value, str):
            raise exception_class(value)
        if message == "" and "message" in value:
            message = value["message"]
    
        screen = None  # type: ignore[assignment]
        if "screen" in value:
            screen = value["screen"]
    
        stacktrace = None
        st_value = value.get("stackTrace") or value.get("stacktrace")
        if st_value:
            if isinstance(st_value, str):
                stacktrace = st_value.split("\n")
            else:
                stacktrace = []
                try:
                    for frame in st_value:
                        line = frame.get("lineNumber", "")
                        file = frame.get("fileName", "&lt;anonymous&gt;")
                        if line:
                            file = f"{file}:{line}"
                        meth = frame.get("methodName", "&lt;anonymous&gt;")
                        if "className" in frame:
                            meth = f"{frame['className']}.{meth}"
                        msg = "    at %s (%s)"
                        msg = msg % (meth, file)
                        stacktrace.append(msg)
                except TypeError:
                    pass
        if exception_class == UnexpectedAlertPresentException:
            alert_text = None
            if "data" in value:
                alert_text = value["data"].get("text")
            elif "alert" in value:
                alert_text = value["alert"].get("text")
            raise exception_class(message, screen, stacktrace, alert_text)  # type: ignore[call-arg]  # mypy is not smart enough here
&gt;       raise exception_class(message, screen, stacktrace)
E       selenium.common.exceptions.ElementClickInterceptedException: Message: element click intercepted: Element &lt;button data-qa-id="login" data-impression-tracking="" data-qa-tigran="" data-testid="" data-clipboard-text="" class="button assets-js-common-components-MegaNav-MegaNavVariant-components-GlobalNav-components-Login-Login-module__loginButton__w1mLl unstyled-button small" type="button" title="" aria-label="" tabindex="0"&gt;...&lt;/button&gt; is not clickable at point (856, 22). Other element would receive the click: &lt;button id="tab-button_invitation" type="button" data-qa-id="invitation-tab" class="unstyled-button tab-button on-dark-bg active"&gt;...&lt;/button&gt;
E         (Session info: chrome=145.0.7632.77); For documentation on this error, please visit: https://www.selenium.dev/documentation/webdriver/troubleshooting/errors#elementclickinterceptedexception
E       Stacktrace:
E       Symbols not available. Dumping unresolved backtrace:
E       	0x1166663
E       	0x11666a4
E       	0xf91d20
E       	0xfe28b8
E       	0xfe0ac9
E       	0xfde482
E       	0xfdd684
E       	0xfd1e18
E       	0xffea3c
E       	0xfd1854
E       	0xffec04
E       	0x101b661
E       	0xffe7d6
E       	0xfcffd9
E       	0xfd0d94
E       	0x13ee6d4
E       	0x13e99a5
E       	0x1406550
E       	0x1180358
E       	0x1187e5d
E       	0x116f128
E       	0x116f2f2
E       	0x115892a
E       	0x76c15d49
E       	0x77a5cebb
E       	0x77a5ce41

e          = &lt;selenium.webdriver.remote.errorhandler.ErrorCode object at 0x7f0b0ab60680&gt;
error_code = 'ELEMENT_CLICK_INTERCEPTED'
error_codes = ['DETACHED_SHADOW_ROOT', 'ELEMENT_CLICK_INTERCEPTED', 'ELEMENT_IS_NOT_SELECTABLE', 'ELEMENT_NOT_INTERACTABLE', 'ELEMENT_NOT_VISIBLE', 'IME_ENGINE_ACTIVATION_FAILED', ...]
error_info = [64, 'element click intercepted']
exception_class = &lt;class 'selenium.common.exceptions.ElementClickInterceptedException'&gt;
message    = 'element click intercepted: Element &lt;button data-qa-id="login" data-impression-tracking="" data-qa-tigran="" data-test...itation-tab" class="unstyled-button tab-button on-dark-bg active"&gt;...&lt;/button&gt;\n  (Session info: chrome=145.0.7632.77)'
response   = {'status': 400, 'value': '{"value":{"error":"element click intercepted","message":"element click intercepted: Element ...358\\n\\t0x1187e5d\\n\\t0x116f128\\n\\t0x116f2f2\\n\\t0x115892a\\n\\t0x76c15d49\\n\\t0x77a5cebb\\n\\t0x77a5ce41\\n"}}'}
screen     = None
self       = &lt;selenium.webdriver.remote.errorhandler.ErrorHandler object at 0x7f0b0abb5b80&gt;
st_value   = 'Symbols not available. Dumping unresolved backtrace:\n\t0x1166663\n\t0x11666a4\n\t0xf91d20\n\t0xfe28b8\n\t0xfe0ac9\n\...0x1406550\n\t0x1180358\n\t0x1187e5d\n\t0x116f128\n\t0x116f2f2\n\t0x115892a\n\t0x76c15d49\n\t0x77a5cebb\n\t0x77a5ce41\n'
stacktrace = ['Symbols not available. Dumping unresolved backtrace:', '\t0x1166663', '\t0x11666a4', '\t0xf91d20', '\t0xfe28b8', '\t0xfe0ac9', ...]
status     = 'element click intercepted'
value      = {'error': 'element click intercepted', 'message': 'element click intercepted: Element &lt;button data-qa-id="login" data-...x1406550\n\t0x1180358\n\t0x1187e5d\n\t0x116f128\n\t0x116f2f2\n\t0x115892a\n\t0x76c15d49\n\t0x77a5cebb\n\t0x77a5ce41\n'}
value_json = '{"value":{"error":"element click intercepted","message":"element click intercepted: Element \\u003Cbutton data-qa-id=...0358\\n\\t0x1187e5d\\n\\t0x116f128\\n\\t0x116f2f2\\n\\t0x115892a\\n\\t0x76c15d49\\n\\t0x77a5cebb\\n\\t0x77a5ce41\\n"}}'

../../../992/venv/.venv/lib/python3.12/site-packages/selenium/webdriver/remote/errorhandler.py:232: ElementClickInterceptedException</failure></testcase><testcase classname="test_evite_sus_one_day_create.TestEviteSUSOneDayCreate" name="test_evite_sus_one_day_create" time="385.718" /><testcase classname="test_evite_rsvp_premium.TestEviteRSVPPremium" name="test_evite_rsvp_premium" time="536.793"><failure message="utils.exceptions.ElementNotFoundError: Timed out waiting for element: ('css selector', '.new-guest-page') at URL: https://test46.evitelabs.com/invitation/01B7IIAE4SKDAACXSEPRCGY5UATIZA/guests?v=&amp;c=featured&amp;previous=featured&amp;page=1&amp;invitation_type=invitation&amp;invitation_type=premium&amp;category_id=featured&amp;pos=4">self = &lt;commons.pages.evite.step5_guests.Step5Guests object at 0x7fe3313180b0&gt;
locator = ('css selector', '.new-guest-page'), timeout = 30

    def wait_for(self, locator, timeout=None):
        """
        Waits for an element to be visible using the passed in locator.
    
        :param locator: Locator tuple for the element
        :param timeout: (Int) Number of seconds to wait for an element
        :return: WebElement if it is visible
        """
        timeout = timeout or settings.DEFAULT_TIMEOUT
    
        try:
&gt;           return WebDriverWait(self.selenium, timeout).until(ec.visibility_of_element_located(locator))
                   ^^^^^^^^^^^^^^^^^^^^^^^^^^^^^^^^^^^^^^^^^^^^^^^^^^^^^^^^^^^^^^^^^^^^^^^^^^^^^^^^^^^^^^

locator    = ('css selector', '.new-guest-page')
msg        = "Timed out waiting for element: ('css selector', '.new-guest-page') at URL: https://test46.evitelabs.com/invitation/01...s?v=&amp;c=featured&amp;previous=featured&amp;page=1&amp;invitation_type=invitation&amp;invitation_type=premium&amp;category_id=featured&amp;pos=4"
self       = &lt;commons.pages.evite.step5_guests.Step5Guests object at 0x7fe3313180b0&gt;
timeout    = 30

../../commons/web.py:211: 
_ _ _ _ _ _ _ _ _ _ _ _ _ _ _ _ _ _ _ _ _ _ _ _ _ _ _ _ _ _ _ _ _ _ _ _ _ _ _ _ 

self = &lt;selenium.webdriver.support.wait.WebDriverWait (session="1ddfaf2f5c93fb90793071fa3637f3b0")&gt;
method = &lt;function visibility_of_element_located.&lt;locals&gt;._predicate at 0x7fe350b928e0&gt;
message = ''

    def until(self, method: Callable[[D], Union[Literal[False], T]], message: str = "") -&gt; T:
        """Wait until the method returns a value that is not False.
    
        Calls the method provided with the driver as an argument until the
        return value does not evaluate to ``False``.
    
        Parameters:
        -----------
        method: callable(WebDriver)
            - A callable object that takes a WebDriver instance as an argument.
    
        message: str
            - Optional message for :exc:`TimeoutException`
    
        Return:
        -------
        object: T
            - The result of the last call to `method`
    
        Raises:
        -------
        TimeoutException
            - If 'method' does not return a truthy value within the WebDriverWait
            object's timeout
    
        Example:
        --------
        &gt;&gt;&gt; from selenium.webdriver.common.by import By
        &gt;&gt;&gt; from selenium.webdriver.support.ui import WebDriverWait
        &gt;&gt;&gt; from selenium.webdriver.support import expected_conditions as EC
    
        # Wait until an element is visible on the page
        &gt;&gt;&gt; wait = WebDriverWait(driver, 10)
        &gt;&gt;&gt; element = wait.until(EC.visibility_of_element_located((By.ID, "exampleId")))
        &gt;&gt;&gt; print(element.text)
        """
        screen = None
        stacktrace = None
    
        end_time = time.monotonic() + self._timeout
        while True:
            try:
                value = method(self._driver)
                if value:
                    return value
            except self._ignored_exceptions as exc:
                screen = getattr(exc, "screen", None)
                stacktrace = getattr(exc, "stacktrace", None)
            if time.monotonic() &gt; end_time:
                break
            time.sleep(self._poll)
&gt;       raise TimeoutException(message, screen, stacktrace)
E       selenium.common.exceptions.TimeoutException: Message: 
E       Stacktrace:
E       Symbols not available. Dumping unresolved backtrace:
E       	0xef6663
E       	0xef66a4
E       	0xd21d20
E       	0xd6c19a
E       	0xd6c43b
E       	0xdade72
E       	0xd8ea84
E       	0xdab661
E       	0xd8e7d6
E       	0xd5ffd9
E       	0xd60d94
E       	0x117e6d4
E       	0x11799a5
E       	0x1196550
E       	0xf10358
E       	0xf17e5d
E       	0xeff128
E       	0xeff2f2
E       	0xee892a
E       	0x759c5d49
E       	0x776bcebb
E       	0x776bce41

end_time   = 62715423.704769574
message    = ''
method     = &lt;function visibility_of_element_located.&lt;locals&gt;._predicate at 0x7fe350b928e0&gt;
screen     = None
self       = &lt;selenium.webdriver.support.wait.WebDriverWait (session="1ddfaf2f5c93fb90793071fa3637f3b0")&gt;
stacktrace = ['Symbols not available. Dumping unresolved backtrace:', '\t0xef6663', '\t0xef66a4', '\t0xd21d20', '\t0xd6c19a', '\t0xd6c43b', ...]

../../../992/venv/.venv/lib/python3.12/site-packages/selenium/webdriver/support/wait.py:138: TimeoutException

The above exception was the direct cause of the following exception:

self = &lt;tests.evite_acceptance.test_evite_rsvp_premium.TestEviteRSVPPremium object at 0x7fe3319fd520&gt;
config = &lt;commons.test_configuration.TestConfiguration object at 0x7fe331318980&gt;

    def test_evite_rsvp_premium(self, config):
        _test_name = inspect.stack()[0][3]
    
        page = config.pages["page"]
    
        evite_home_page = config.pages["evite_home_page"]
    
        rsvp_modal = config.pages["rsvp_modal"]
        event_details = config.pages["event_details"]
        who_is_coming = config.pages["who_is_coming"]
        my_events = config.pages["my_events"]
        login_modal = config.pages["login_modal"]
    
        step1_template = config.pages["step1_template"]
        step2_event_details = config.pages["step2_event_details"]
        step5_guests = config.pages["step5_guests"]
        step6_review_send = config.pages["step6_review_send"]
    
        quake_v3_event = QuakeV3Event(_test_name)
        psql_db = PostgreSQL(_test_name)
    
        # Logger
        logger = LoggingConfig().initialize_logger(_test_name)
        logger.info(f"Start {_test_name}")
    
        page.get_url(environment=config.environment)
    
        # Sign-In or Register
        user_email_addr, user_pass, host = login_modal.sign_in_register(test_data=self._json_test_data)
    
        # Create Invitation
        evite_gallery_page = evite_home_page.select_nav("create_invitation")
        evite_gallery_page.select_filter_by(["premium"])
    
        # Pick up a random template from the template page
        evite_gallery_page.select_random_template(template_type="premium")
    
        self._json_test_data["invitation"]["event_details"]["event_title"] = Utils().get_event_title()
        self._json_test_data["invitation"]["event_details"]["start_date"] = Utils().get_rand_date(test_name=_test_name)
        self._json_test_data["invitation"]["event_details"]["start_time"] = Utils().get_start_time(premium=True)
        self._json_test_data["invitation"]["event_details"]["host"] = (
            f"{self._json_test_data['register']['first_name']} " f"{self._json_test_data['register']['last_name']}"
        )
    
        # Step 1: Card Editor
        step1_template.fill_text_editors(test_data=self._json_test_data)
        step1_template.select_next(url="details")
    
        # Step 2: Enter Details page
        step2_event_details.enter_details(test_data=self._json_test_data)
        step1_template.select_next(url="gifting")
        step1_template.select_next(url="preview")
    
        step1_template.select_next(url="guests")
&gt;       step5_guests.add_guests(test_data=self._json_test_data["guests"])

_test_name = 'test_evite_rsvp_premium'
config     = &lt;commons.test_configuration.TestConfiguration object at 0x7fe331318980&gt;
event_details = &lt;commons.pages.evite.evite_view_invitation_event_details_module.EventDetailsModule object at 0x7fe331318920&gt;
evite_gallery_page = &lt;commons.pages.evite.evite_gallery_page.EviteGalleryPage object at 0x7fe331366cf0&gt;
evite_home_page = &lt;commons.pages.evite.evite_home_page.EviteHomePage object at 0x7fe331319160&gt;
host       = 'automation test'
logger     = &lt;Logger test_evite_rsvp_premium (INFO)&gt;
login_modal = &lt;commons.pages.evite.login_modal.LoginModal object at 0x7fe331319490&gt;
my_events  = &lt;commons.pages.evite.my_events.MyEvents object at 0x7fe331318fe0&gt;
page       = &lt;commons.page.Page object at 0x7fe3313189b0&gt;
psql_db    = &lt;lib.postgre_sql.PostgreSQL object at 0x7fe332392930&gt;
quake_v3_event = &lt;commons.pages.quake_v3.quake_v3_event.QuakeV3Event object at 0x7fe34f4b6480&gt;
rsvp_modal = &lt;commons.pages.evite.evite_view_invitation_rsvp_modal.RSVPModal object at 0x7fe331318e00&gt;
self       = &lt;tests.evite_acceptance.test_evite_rsvp_premium.TestEviteRSVPPremium object at 0x7fe3319fd520&gt;
step1_template = &lt;commons.pages.evite.step1_template.Step1Template object at 0x7fe3313185c0&gt;
step2_event_details = &lt;commons.pages.evite.step2_event_details.Step2EventDetails object at 0x7fe331318da0&gt;
step5_guests = &lt;commons.pages.evite.step5_guests.Step5Guests object at 0x7fe3313180b0&gt;
step6_review_send = &lt;commons.pages.evite.step6_review_send.Step6ReviewSend object at 0x7fe3313194f0&gt;
user_email_addr = 'evite-02242026-105105-82-test@evitetest.com'
user_pass  = 'test1234'
who_is_coming = &lt;commons.pages.evite.evite_view_invitation_whos_coming_module.WhosComingModule object at 0x7fe331318620&gt;

test_evite_rsvp_premium.py:77: 
_ _ _ _ _ _ _ _ _ _ _ _ _ _ _ _ _ _ _ _ _ _ _ _ _ _ _ _ _ _ _ _ _ _ _ _ _ _ _ _ 
../../commons/pages/evite/step5_guests.py:98: in add_guests
    self.wait_for(self.ADD_GUESTS_PAGE)
        for_greeting_card = False
        self       = &lt;commons.pages.evite.step5_guests.Step5Guests object at 0x7fe3313180b0&gt;
        test_data  = [{'comment': 'THIS IS A YES RSVP GUEST COMMENT', 'email_addr': 'evite-guest-49147927-S-test@evitetest.com', 'guest_cou....}, {'comment': '', 'email_addr': 'evite-guest-49148291-q-test@evitetest.com', 'guest_count': 1, 'kids_count': 0, ...}]
_ _ _ _ _ _ _ _ _ _ _ _ _ _ _ _ _ _ _ _ _ _ _ _ _ _ _ _ _ _ _ _ _ _ _ _ _ _ _ _ 

self = &lt;commons.pages.evite.step5_guests.Step5Guests object at 0x7fe3313180b0&gt;
locator = ('css selector', '.new-guest-page'), timeout = 30

    def wait_for(self, locator, timeout=None):
        """
        Waits for an element to be visible using the passed in locator.
    
        :param locator: Locator tuple for the element
        :param timeout: (Int) Number of seconds to wait for an element
        :return: WebElement if it is visible
        """
        timeout = timeout or settings.DEFAULT_TIMEOUT
    
        try:
            return WebDriverWait(self.selenium, timeout).until(ec.visibility_of_element_located(locator))
        except TimeoutException as e:
            msg = f"Timed out waiting for element: {locator} at URL: {self.selenium.current_url}"
            self.logger.info(msg)
&gt;           raise ElementNotFoundError(msg) from e
E           utils.exceptions.ElementNotFoundError: Timed out waiting for element: ('css selector', '.new-guest-page') at URL: https://test46.evitelabs.com/invitation/01B7IIAE4SKDAACXSEPRCGY5UATIZA/guests?v=&amp;c=featured&amp;previous=featured&amp;page=1&amp;invitation_type=invitation&amp;invitation_type=premium&amp;category_id=featured&amp;pos=4

locator    = ('css selector', '.new-guest-page')
msg        = "Timed out waiting for element: ('css selector', '.new-guest-page') at URL: https://test46.evitelabs.com/invitation/01...s?v=&amp;c=featured&amp;previous=featured&amp;page=1&amp;invitation_type=invitation&amp;invitation_type=premium&amp;category_id=featured&amp;pos=4"
self       = &lt;commons.pages.evite.step5_guests.Step5Guests object at 0x7fe3313180b0&gt;
timeout    = 30

../../commons/web.py:215: ElementNotFoundError</failure></testcase></testsuite></testsuites>