<?xml version="1.0" encoding="utf-8"?><testsuites name="pytest tests"><testsuite name="pytest" errors="0" failures="0" skipped="3" tests="11" time="682.054" timestamp="2026-02-24T15:34:36.919455-08:00" hostname="jenkins-mobile-automation-node-3-8-2"><testcase classname="test_evite_egift_card_create_new.TestEviteEGiftCardCreateNew" name="test_evite_egift_card_create_new" time="0.000"><skipped type="pytest.skip" message="Egift disabled">/var/lib/jenkins/workspace/qa-evite-test-tests-acceptance/webdriver-framework/tests/evite_acceptance/test_evite_egift_card_create_new.py:25: Egift disabled</skipped></testcase><testcase classname="test_evite_upsell_gallery_page.TestEviteUpsellGalleryPage" name="test_evite_upsell_gallery_page" time="0.000"><skipped type="pytest.skip" message="skip because of EVT36079">/var/lib/jenkins/workspace/qa-evite-test-tests-acceptance/webdriver-framework/tests/evite_acceptance/test_evite_upsell_gallery_page.py:24: skip because of EVT36079</skipped></testcase><testcase classname="test_evite_greeting_card_create_from_past_event.TestEviteGreetingCardCreateFromPastEvent" name="test_evite_greeting_card_create_from_past_event" time="237.763"><skipped type="pytest.skip" message="DB have no record for sql: SELECT user_first_name,user_last_name FROM public.evite_users WHERE user_email_addr = 'evite-10022025-142443-56-test@evitetest.com' ORDER BY random();">/var/lib/jenkins/workspace/qa-evite-test-tests-acceptance/webdriver-framework/tests/evite_acceptance/test_evite_greeting_card_create_from_past_event.py:116: DB have no record for sql: SELECT user_first_name,user_last_name FROM public.evite_users WHERE user_email_addr = 'evite-10022025-142443-56-test@evitetest.com' ORDER BY random();</skipped></testcase><testcase classname="test_evite_cms_admin_redirect.TestEviteCMSAdminRedirect" name="test_evite_cms_admin_redirect" time="246.350" /><testcase classname="test_evite_sign_in.TestEviteSignIn" name="test_evite_sign_in" time="250.133" /><testcase classname="test_evite_copy_free_past_event.TestEviteCopyFreePastEvent" name="test_evite_copy_free_past_event" time="351.305" /><testcase classname="test_evite_rsvp_premium.TestEviteRSVPPremium" name="test_evite_rsvp_premium" time="664.357" /><testcase classname="test_evite_greeting_card_create_new.TestEviteGreetingCardCreateNew" name="test_evite_greeting_card_create_new" time="369.061" /><testcase classname="test_evite_sus_one_day_create.TestEviteSUSOneDayCreate" name="test_evite_sus_one_day_create" time="386.566" /><testcase classname="test_evite_copy_premium_past_event.TestEviteCopyPremiumPastEvent" name="test_evite_copy_premium_past_event" time="389.244" /><testcase classname="test_evite_rsvp_free.TestEviteRSVPFree" name="test_evite_rsvp_free" time="497.608" /></testsuite></testsuites>